<?xml version="1.0" encoding="UTF-8"?>
<!-- Generated by org.testng.reporters.JUnitReportReporter -->
<testsuite hostname="DESKTOP-RO7LUG0" failures="0" tests="1" name="frontEndTesting.ViewSecondaryAccountTest" time="3.957" errors="0" timestamp="2023-08-15T10:47:23 IST" skipped="0">
  <testcase classname="frontEndTesting.ViewSecondaryAccountTest" name="requestChequeBook" time="3.957"/>
  <system-out/>
</testsuite> <!-- frontEndTesting.ViewSecondaryAccountTest -->
