<?xml version="1.0" encoding="UTF-8"?>
<!-- Generated by org.testng.reporters.JUnitReportReporter -->
<testsuite hostname="DESKTOP-RO7LUG0" failures="0" tests="3" name="frontEndTesting.TransferFundTest" time="15.108" errors="0" timestamp="2023-08-15T10:47:23 IST" skipped="0">
  <testcase classname="frontEndTesting.TransferFundTest" name="transferFund" time="6.804"/>
  <system-out/>
  <testcase classname="frontEndTesting.TransferFundTest" name="transferFundWithIncorrectAccountNumber" time="4.110"/>
  <system-out/>
  <testcase classname="frontEndTesting.TransferFundTest" name="transferFundGreaterThanBalance" time="4.194"/>
  <system-out/>
</testsuite> <!-- frontEndTesting.TransferFundTest -->
