<?xml version="1.0" encoding="UTF-8"?>
<!-- Generated by org.testng.reporters.JUnitReportReporter -->
<testsuite hostname="DESKTOP-RO7LUG0" failures="0" tests="1" name="frontEndTesting.LoginTest" time="2.847" errors="0" timestamp="2023-08-15T10:47:23 IST" skipped="0">
  <testcase classname="frontEndTesting.LoginTest" name="loginUser" time="2.847"/>
  <system-out/>
</testsuite> <!-- frontEndTesting.LoginTest -->
