<?xml version="1.0" encoding="UTF-8"?>
<!-- Generated by org.testng.reporters.JUnitReportReporter -->
<testsuite hostname="DESKTOP-RO7LUG0" failures="0" tests="1" name="frontEndTesting.ViewPrimaryAccountTest" time="5.313" errors="0" timestamp="2023-08-15T10:47:23 IST" skipped="0">
  <testcase classname="frontEndTesting.ViewPrimaryAccountTest" name="requestChequeBook" time="5.313"/>
  <system-out/>
</testsuite> <!-- frontEndTesting.ViewPrimaryAccountTest -->
